<?xml version="1.0" encoding="UTF-8"?>
<!-- Generated by org.testng.reporters.JUnitReportReporter -->
<testsuite hostname="LAPTOP-8PVTIFHE" failures="0" tests="1" name="com.ui.test.LoginTest" time="4.075" errors="0" timestamp="2025-05-29T20:11:42 CEST" skipped="0">
  <testcase classname="com.ui.test.LoginTest" name="loginTestCopy1" time="4.075"/>
</testsuite> <!-- com.ui.test.LoginTest -->
