<?xml version="1.0" encoding="UTF-8"?>
<!-- Generated by org.testng.reporters.JUnitReportReporter -->
<testsuite hostname="LAPTOP-8PVTIFHE" failures="0" tests="1" name="com.ui.test.LoginTest" time="5.256" errors="0" timestamp="2025-05-22T13:00:07 CEST" skipped="0">
  <testcase classname="com.ui.test.LoginTest" name="loginTestCopy1" time="5.256"/>
</testsuite> <!-- com.ui.test.LoginTest -->
